<?xml version="1.0" encoding="UTF-8"?>
<testng-results ignored="0" total="1" passed="1" failed="0" skipped="0">
  <reporter-output>
  </reporter-output>
  <suite started-at="2023-12-01T17:33:31 EST" name="Default suite" finished-at="2023-12-01T17:33:32 EST" duration-ms="1623">
    <groups>
    </groups>
    <test started-at="2023-12-01T17:33:31 EST" name="Default test" finished-at="2023-12-01T17:33:32 EST" duration-ms="1623">
      <class name="com.tutorialsninja.testCases.RegistrationTest">
        <test-method is-config="true" signature="initBrowser()[pri:0, instance:com.tutorialsninja.testCases.RegistrationTest@1bc53649]" started-at="2023-12-01T17:33:28 EST" name="initBrowser" finished-at="2023-12-01T17:33:31 EST" duration-ms="2567" status="PASS">
          <reporter-output>
          </reporter-output>
        </test-method> <!-- initBrowser -->
        <test-method signature="validRegisterData()[pri:0, instance:com.tutorialsninja.testCases.RegistrationTest@1bc53649]" started-at="2023-12-01T17:33:31 EST" name="validRegisterData" finished-at="2023-12-01T17:33:32 EST" duration-ms="1586" status="PASS">
          <reporter-output>
          </reporter-output>
        </test-method> <!-- validRegisterData -->
        <test-method is-config="true" signature="closeBrowser()[pri:0, instance:com.tutorialsninja.testCases.RegistrationTest@1bc53649]" started-at="2023-12-01T17:33:32 EST" name="closeBrowser" finished-at="2023-12-01T17:33:32 EST" duration-ms="1" status="PASS">
          <reporter-output>
          </reporter-output>
        </test-method> <!-- closeBrowser -->
      </class> <!-- com.tutorialsninja.testCases.RegistrationTest -->
    </test> <!-- Default test -->
  </suite> <!-- Default suite -->
</testng-results>
